Arguments: 
  /usr/local/Cellar/node/14.11.0/bin/node /usr/local/Cellar/yarn/1.22.5/libexec/bin/yarn.js install

PATH: 
  /Users/maximeaubanel/.cargo/bin:/usr/local/bin:/usr/bin:/bin:/usr/sbin:/sbin:/opt/X11/bin:/Library/Apple/usr/bin:/Users/maximeaubanel/workspace/go/bin:/Users/maximeaubanel/workspace/.devtools/flutter/bin:/Users/maximeaubanel/flutter/bin

Yarn version: 
  1.22.5

Node version: 
  14.11.0

Platform: 
  darwin x64

Trace: 
  SyntaxError: /Users/maximeaubanel/workspace/GitHub/TheUnbrandedShop/App/package.json: Unexpected token } in JSON at position 935
      at JSON.parse (<anonymous>)
      at /usr/local/Cellar/yarn/1.22.5/libexec/lib/cli.js:1625:59
      at Generator.next (<anonymous>)
      at step (/usr/local/Cellar/yarn/1.22.5/libexec/lib/cli.js:310:30)
      at /usr/local/Cellar/yarn/1.22.5/libexec/lib/cli.js:321:13

npm manifest: 
  {
    "name": "app",
    "version": "0.1.0",
    "private": true,
    "dependencies": {
      "@emotion/core": "^10.0.35",
      "@emotion/styled": "^10.0.27",
      "@material-ui/core": "^4.11.0",
      "@material-ui/icons": "^4.9.1",
      "@stripe/react-stripe-js": "^1.1.2",
      "@stripe/stripe-js": "^1.9.0",
      "@testing-library/jest-dom": "^4.2.4",
      "@testing-library/react": "^9.3.2",
      "@types/react": "^16.9.0",
      "@types/react-dom": "^16.9.0",
      "@types/react-redux": "^7.1.7",
      "@types/react-router-dom": "^5.1.5",
      "@types/redux": "^3.6.0",
      "@types/redux-thunk": "^2.1.0",
      "email-validator": "^2.0.4",
      "framer-motion": "^2.6.15",
      "react": "^16.12.0",
      "react-content-loader": "^5.1.2",
      "react-dom": "^16.12.0",
      "react-redux": "^7.1.3",
      "react-router-dom": "^5.2.0",
      "react-router-last-location": "^2.0.1",
      "react-scripts": "3.4.0",
      "redux": "^4.0.5",
      "typescript": "~3.7.2",
    },
    "scripts": {
      "start": "react-scripts start",
      "build": "react-scripts build",
      "test": "react-scripts test",
      "eject": "react-scripts eject"
    },
    "eslintConfig": {
      "extends": "react-app"
    },
    "browserslist": {
      "production": [
        ">0.2%",
        "not dead",
        "not op_mini all"
      ],
      "development": [
        "last 1 chrome version",
        "last 1 firefox version",
        "last 1 safari version"
      ]
    }
  }

yarn manifest: 
  No manifest

Lockfile: 
  No lockfile
